<?xml version="1.0" encoding="UTF-8"?>
<!-- Generated by org.testng.reporters.JUnitReportReporter -->
<testsuite hostname="DESKTOP-077G3EM" failures="0" tests="7" name="com.GCash_GGivesScripts.GCASHScripts" time="7.730" errors="0" timestamp="2022-09-21T11:36:34 IST" skipped="0">
  <testcase classname="com.GCash_GGivesScripts.GCASHScripts" name="GCashToken" time="4.011"/>
  <system-out/>
  <testcase classname="com.GCash_GGivesScripts.GCASHScripts" name="GCashClientId" time="0.709"/>
  <system-out/>
  <testcase classname="com.GCash_GGivesScripts.GCASHScripts" name="GCashEmptyId" time="0.685"/>
  <system-out/>
  <testcase classname="com.GCash_GGivesScripts.GCASHScripts" name="GCashSecretId" time="0.664"/>
  <system-out/>
  <testcase classname="com.GCash_GGivesScripts.GCASHScripts" name="GCashInvalidSecret" time="0.591"/>
  <system-out/>
  <testcase classname="com.GCash_GGivesScripts.GCASHScripts" name="GCashGrant" time="0.541"/>
  <system-out/>
  <testcase classname="com.GCash_GGivesScripts.GCASHScripts" name="GCashEmptyGrant" time="0.529"/>
  <system-out/>
</testsuite> <!-- com.GCash_GGivesScripts.GCASHScripts -->
