<?xml version="1.0" encoding="UTF-8"?>
<!-- Generated by org.testng.reporters.JUnitReportReporter -->
<testsuite hostname="DESKTOP-077G3EM" failures="0" tests="7" name="com.GCash_GGivesScripts.TokenGCASH" time="6.856" errors="0" timestamp="2022-09-20T23:23:33 IST" skipped="0">
  <testcase classname="com.GCash_GGivesScripts.TokenGCASH" name="InvalidClientSecret_TokenGCash" time="0.664"/>
  <system-out/>
  <testcase classname="com.GCash_GGivesScripts.TokenGCASH" name="EmptyClientId_TokenGCash" time="3.109"/>
  <system-out/>
  <testcase classname="com.GCash_GGivesScripts.TokenGCASH" name="EmptyGrantType_TokenGCash" time="0.665"/>
  <system-out/>
  <testcase classname="com.GCash_GGivesScripts.TokenGCASH" name="InvalidClientId_TokenGCash" time="0.624"/>
  <system-out/>
  <testcase classname="com.GCash_GGivesScripts.TokenGCASH" name="TokenGCash_200" time="0.728"/>
  <system-out/>
  <testcase classname="com.GCash_GGivesScripts.TokenGCASH" name="InvalidGrantType_TokenGCash" time="0.474"/>
  <system-out/>
  <testcase classname="com.GCash_GGivesScripts.TokenGCASH" name="EmptyClientSecret_TokenGCash" time="0.592"/>
  <system-out/>
</testsuite> <!-- com.GCash_GGivesScripts.TokenGCASH -->
