<?xml version="1.0" encoding="UTF-8"?>
<!-- Generated by org.testng.reporters.JUnitReportReporter -->
<testsuite skipped="0" hostname="DESKTOP-077G3EM" name="com.GCash_GGivesScripts.GCASHScripts" tests="7" failures="0" timestamp="2022-09-21T12:08:45 IST" time="21.980" errors="0">
  <testcase name="GCashToken" time="11.466" classname="com.GCash_GGivesScripts.GCASHScripts"/>
  <system-out/>
  <testcase name="GCashClientId" time="1.985" classname="com.GCash_GGivesScripts.GCASHScripts"/>
  <system-out/>
  <testcase name="GCashEmptyId" time="1.714" classname="com.GCash_GGivesScripts.GCASHScripts"/>
  <system-out/>
  <testcase name="GCashSecretId" time="1.587" classname="com.GCash_GGivesScripts.GCASHScripts"/>
  <system-out/>
  <testcase name="GCashInvalidSecret" time="2.109" classname="com.GCash_GGivesScripts.GCASHScripts"/>
  <system-out/>
  <testcase name="GCashGrant" time="1.693" classname="com.GCash_GGivesScripts.GCASHScripts"/>
  <system-out/>
  <testcase name="GCashEmptyGrant" time="1.426" classname="com.GCash_GGivesScripts.GCASHScripts"/>
  <system-out/>
</testsuite> <!-- com.GCash_GGivesScripts.GCASHScripts -->
