<?xml version="1.0" encoding="UTF-8"?>
<!-- Generated by org.testng.reporters.JUnitReportReporter -->
<testsuite skipped="0" hostname="DESKTOP-077G3EM" name="com.GCash_GGivesScripts.GCASHScripts" tests="7" failures="0" timestamp="2022-09-21T18:44:14 IST" time="7.537" errors="0">
  <testcase name="GCashToken" time="3.694" classname="com.GCash_GGivesScripts.GCASHScripts"/>
  <system-out/>
  <testcase name="GCashClientId" time="0.601" classname="com.GCash_GGivesScripts.GCASHScripts"/>
  <system-out/>
  <testcase name="GCashEmptyId" time="0.597" classname="com.GCash_GGivesScripts.GCASHScripts"/>
  <system-out/>
  <testcase name="GCashSecretId" time="0.670" classname="com.GCash_GGivesScripts.GCASHScripts"/>
  <system-out/>
  <testcase name="GCashInvalidSecret" time="0.596" classname="com.GCash_GGivesScripts.GCASHScripts"/>
  <system-out/>
  <testcase name="GCashGrant" time="0.762" classname="com.GCash_GGivesScripts.GCASHScripts"/>
  <system-out/>
  <testcase name="GCashEmptyGrant" time="0.617" classname="com.GCash_GGivesScripts.GCASHScripts"/>
  <system-out/>
</testsuite> <!-- com.GCash_GGivesScripts.GCASHScripts -->
