<?xml version="1.0" encoding="UTF-8"?>
<!-- Generated by org.testng.reporters.JUnitReportReporter -->
<testsuite skipped="0" hostname="DESKTOP-077G3EM" name="com.GCash_GGivesScripts.GCASHScripts" tests="7" failures="0" timestamp="2022-09-22T11:10:03 IST" time="7.082" errors="0">
  <testcase name="GCashToken" time="3.188" classname="com.GCash_GGivesScripts.GCASHScripts"/>
  <system-out/>
  <testcase name="GCashClientId" time="0.682" classname="com.GCash_GGivesScripts.GCASHScripts"/>
  <system-out/>
  <testcase name="GCashEmptyId" time="0.783" classname="com.GCash_GGivesScripts.GCASHScripts"/>
  <system-out/>
  <testcase name="GCashSecretId" time="0.629" classname="com.GCash_GGivesScripts.GCASHScripts"/>
  <system-out/>
  <testcase name="GCashInvalidSecret" time="0.566" classname="com.GCash_GGivesScripts.GCASHScripts"/>
  <system-out/>
  <testcase name="GCashGrant" time="0.742" classname="com.GCash_GGivesScripts.GCASHScripts"/>
  <system-out/>
  <testcase name="GCashEmptyGrant" time="0.492" classname="com.GCash_GGivesScripts.GCASHScripts"/>
  <system-out/>
</testsuite> <!-- com.GCash_GGivesScripts.GCASHScripts -->
